
*** Running vivado
    with args -log midpoint.vdi -applog -m64 -messageDb vivado.pb -mode batch -source midpoint.tcl -notrace

WARNING: Default location for XILINX_VIVADO_HLS not found: 

****** Vivado v2015.2 (64-bit)
  **** SW Build 1266856 on Fri Jun 26 16:35:25 MDT 2015
  **** IP Build 1264090 on Wed Jun 24 14:22:01 MDT 2015
    ** Copyright 1986-2015 Xilinx, Inc. All Rights Reserved.

source midpoint.tcl -notrace
WARNING: [Board 49-26] cannot add Board Part digilentinc.com:arty:part0:1.1 available at C:/Xilinx/Vivado/2015.2/data/boards/board_files/arty/B.0/board.xml as part xc7a15ticsg324-1l specified in board_part file is either invalid or not available
WARNING: [Board 49-26] cannot add Board Part digilentinc.com:basys3:part0:1.1 available at C:/Xilinx/Vivado/2015.2/data/boards/board_files/basys3/C.0/board.xml as part xc7a35tcpg236-1 specified in board_part file is either invalid or not available
WARNING: [Board 49-26] cannot add Board Part digilentinc.com:nexys4:part0:1.1 available at C:/Xilinx/Vivado/2015.2/data/boards/board_files/nexys4/B.1/board.xml as part xc7a100tcsg324-1 specified in board_part file is either invalid or not available
WARNING: [Board 49-26] cannot add Board Part digilentinc.com:nexys4_ddr:part0:1.1 available at C:/Xilinx/Vivado/2015.2/data/boards/board_files/nexys4_ddr/C.1/board.xml as part xc7a100tcsg324-1 specified in board_part file is either invalid or not available
WARNING: [Board 49-26] cannot add Board Part digilentinc.com:nexys_video:part0:1.1 available at C:/Xilinx/Vivado/2015.2/data/boards/board_files/nexys_video/A.0/board.xml as part xc7a200tsbg484-1 specified in board_part file is either invalid or not available
Design is defaulting to srcset: sources_1
Design is defaulting to constrset: constrs_1
INFO: [Netlist 29-17] Analyzing 5 Unisim elements for replacement
INFO: [Netlist 29-28] Unisim Transformation completed in 1 CPU seconds
INFO: [Project 1-479] Netlist was created with Vivado 2015.2
INFO: [Device 21-403] Loading part xc7z010clg400-1
INFO: [Project 1-570] Preparing netlist for logic optimization
Parsing XDC File [C:/Users/rapto/OneDrive/Documents/GitHub/CALab0/CompArchFA15/Lab/Lab2/Vivado_work/Lab_2/Lab_2.srcs/constrs_1/imports/Lab2/ZYBO_Master.xdc]
Finished Parsing XDC File [C:/Users/rapto/OneDrive/Documents/GitHub/CALab0/CompArchFA15/Lab/Lab2/Vivado_work/Lab_2/Lab_2.srcs/constrs_1/imports/Lab2/ZYBO_Master.xdc]
INFO: [Opt 31-140] Inserted 4 IBUFs to IO ports without IO buffers.
INFO: [Opt 31-138] Pushed 0 inverter(s) to 0 load pin(s).
INFO: [Project 1-111] Unisim Transformation Summary:
No Unisim elements were transformed.

link_design: Time (s): cpu = 00:00:12 ; elapsed = 00:00:13 . Memory (MB): peak = 449.516 ; gain = 248.871
Command: opt_design
Attempting to get a license for feature 'Implementation' and/or device 'xc7z010'
INFO: [Common 17-349] Got license for feature 'Implementation' and/or device 'xc7z010'
Running DRC as a precondition to command opt_design

Starting DRC Task
INFO: [DRC 23-27] Running DRC with 2 threads
INFO: [Project 1-461] DRC finished with 0 Errors
INFO: [Project 1-462] Please refer to the DRC report (report_drc) for more information.

Time (s): cpu = 00:00:00 ; elapsed = 00:00:00.236 . Memory (MB): peak = 452.605 ; gain = 3.090
INFO: [Timing 38-35] Done setting XDC timing constraints.

Starting Logic Optimization Task

Phase 1 Retarget

INFO: [Opt 31-138] Pushed 0 inverter(s) to 0 load pin(s).
INFO: [Opt 31-49] Retargeted 0 cell(s).
Phase 1 Retarget | Checksum: 9d3f2f01

Time (s): cpu = 00:00:00 ; elapsed = 00:00:00.025 . Memory (MB): peak = 919.332 ; gain = 0.000

Phase 2 Constant Propagation
INFO: [Opt 31-138] Pushed 0 inverter(s) to 0 load pin(s).
INFO: [Opt 31-10] Eliminated 0 cells.
Phase 2 Constant Propagation | Checksum: 9d3f2f01

Time (s): cpu = 00:00:00 ; elapsed = 00:00:00.038 . Memory (MB): peak = 919.332 ; gain = 0.000

Phase 3 Sweep
INFO: [Opt 31-12] Eliminated 4 unconnected nets.
INFO: [Opt 31-140] Inserted 4 IBUFs to IO ports without IO buffers.
INFO: [Opt 31-11] Eliminated 4 unconnected cells.
Phase 3 Sweep | Checksum: 153ca121d

Time (s): cpu = 00:00:01 ; elapsed = 00:00:00.064 . Memory (MB): peak = 919.332 ; gain = 0.000

Starting Connectivity Check Task

Time (s): cpu = 00:00:00 ; elapsed = 00:00:00.002 . Memory (MB): peak = 919.332 ; gain = 0.000
Ending Logic Optimization Task | Checksum: 153ca121d

Time (s): cpu = 00:00:01 ; elapsed = 00:00:00.068 . Memory (MB): peak = 919.332 ; gain = 0.000
Implement Debug Cores | Checksum: 9d3f2f01
Logic Optimization | Checksum: 9d3f2f01

Starting Power Optimization Task
INFO: [Pwropt 34-132] Skipping clock gating for clocks with a period < 3.13 ns.
Ending Power Optimization Task | Checksum: 153ca121d

Time (s): cpu = 00:00:00 ; elapsed = 00:00:00.024 . Memory (MB): peak = 919.332 ; gain = 0.000
INFO: [Common 17-83] Releasing license: Implementation
22 Infos, 5 Warnings, 0 Critical Warnings and 0 Errors encountered.
opt_design completed successfully
opt_design: Time (s): cpu = 00:00:38 ; elapsed = 00:00:39 . Memory (MB): peak = 919.332 ; gain = 469.816
Writing placer database...
Writing XDEF routing.
Writing XDEF routing logical nets.
Writing XDEF routing special nets.
Write XDEF Complete: Time (s): cpu = 00:00:00 ; elapsed = 00:00:00.170 . Memory (MB): peak = 919.332 ; gain = 0.000
INFO: [DRC 23-27] Running DRC with 2 threads
INFO: [Coretcl 2-168] The results of DRC are in file C:/Users/rapto/OneDrive/Documents/GitHub/CALab0/CompArchFA15/Lab/Lab2/Vivado_work/Lab_2/Lab_2.runs/impl_1/midpoint_drc_opted.rpt.
INFO: [#UNDEF] Cannot write hardware definition file as there are no IPI block design hardware handoff files present
Command: place_design
Attempting to get a license for feature 'Implementation' and/or device 'xc7z010'
INFO: [Common 17-349] Got license for feature 'Implementation' and/or device 'xc7z010'
INFO: [DRC 23-27] Running DRC with 2 threads
INFO: [Vivado_Tcl 4-198] DRC finished with 0 Errors
INFO: [Vivado_Tcl 4-199] Please refer to the DRC report (report_drc) for more information.
Running DRC as a precondition to command place_design
INFO: [DRC 23-27] Running DRC with 2 threads
INFO: [Vivado_Tcl 4-198] DRC finished with 0 Errors
INFO: [Vivado_Tcl 4-199] Please refer to the DRC report (report_drc) for more information.

Starting Placer Task
INFO: [Place 30-611] Multithreading enabled for place_design using a maximum of 2 CPUs

Phase 1 Placer Runtime Estimator
Phase 1 Placer Runtime Estimator | Checksum: 1224b487b

Time (s): cpu = 00:00:00 ; elapsed = 00:00:00.032 . Memory (MB): peak = 919.332 ; gain = 0.000

Phase 2 Placer Initialization
Netlist sorting complete. Time (s): cpu = 00:00:00 ; elapsed = 00:00:00.001 . Memory (MB): peak = 919.332 ; gain = 0.000
Netlist sorting complete. Time (s): cpu = 00:00:00 ; elapsed = 00:00:00 . Memory (MB): peak = 919.332 ; gain = 0.000

Phase 2.1 IO Placement/ Clock Placement/ Build Placer Device

Phase 2.1.1 Pre-Place Cells
Phase 2.1.1 Pre-Place Cells | Checksum: 46d8df1b

Time (s): cpu = 00:00:00 ; elapsed = 00:00:00.075 . Memory (MB): peak = 919.332 ; gain = 0.000
INFO: [Timing 38-35] Done setting XDC timing constraints.

Phase 2.1.2 IO & Clk Clean Up
Phase 2.1.2 IO & Clk Clean Up | Checksum: 46d8df1b

Time (s): cpu = 00:00:01 ; elapsed = 00:00:01 . Memory (MB): peak = 933.660 ; gain = 14.328

Phase 2.1.3 Implementation Feasibility check On IDelay
Phase 2.1.3 Implementation Feasibility check On IDelay | Checksum: 46d8df1b

Time (s): cpu = 00:00:01 ; elapsed = 00:00:01 . Memory (MB): peak = 933.660 ; gain = 14.328

Phase 2.1.4 Commit IO Placement
Phase 2.1.4 Commit IO Placement | Checksum: 4736819c

Time (s): cpu = 00:00:01 ; elapsed = 00:00:01 . Memory (MB): peak = 933.660 ; gain = 14.328
Phase 2.1 IO Placement/ Clock Placement/ Build Placer Device | Checksum: 805e07f1

Time (s): cpu = 00:00:01 ; elapsed = 00:00:01 . Memory (MB): peak = 933.660 ; gain = 14.328

Phase 2.2 Build Placer Netlist Model

Phase 2.2.1 Place Init Design
Phase 2.2.1 Place Init Design | Checksum: abd0231c

Time (s): cpu = 00:00:01 ; elapsed = 00:00:01 . Memory (MB): peak = 933.660 ; gain = 14.328
Phase 2.2 Build Placer Netlist Model | Checksum: abd0231c

Time (s): cpu = 00:00:01 ; elapsed = 00:00:01 . Memory (MB): peak = 933.660 ; gain = 14.328

Phase 2.3 Constrain Clocks/Macros

Phase 2.3.1 Constrain Global/Regional Clocks
Phase 2.3.1 Constrain Global/Regional Clocks | Checksum: abd0231c

Time (s): cpu = 00:00:01 ; elapsed = 00:00:01 . Memory (MB): peak = 933.660 ; gain = 14.328
Phase 2.3 Constrain Clocks/Macros | Checksum: abd0231c

Time (s): cpu = 00:00:01 ; elapsed = 00:00:01 . Memory (MB): peak = 933.660 ; gain = 14.328
Phase 2 Placer Initialization | Checksum: abd0231c

Time (s): cpu = 00:00:01 ; elapsed = 00:00:01 . Memory (MB): peak = 933.660 ; gain = 14.328

Phase 3 Global Placement
Phase 3 Global Placement | Checksum: 101abd308

Time (s): cpu = 00:00:01 ; elapsed = 00:00:01 . Memory (MB): peak = 933.660 ; gain = 14.328

Phase 4 Detail Placement

Phase 4.1 Commit Multi Column Macros
Phase 4.1 Commit Multi Column Macros | Checksum: 101abd308

Time (s): cpu = 00:00:01 ; elapsed = 00:00:01 . Memory (MB): peak = 933.660 ; gain = 14.328

Phase 4.2 Commit Most Macros & LUTRAMs
Phase 4.2 Commit Most Macros & LUTRAMs | Checksum: 14e231688

Time (s): cpu = 00:00:01 ; elapsed = 00:00:02 . Memory (MB): peak = 933.660 ; gain = 14.328

Phase 4.3 Area Swap Optimization
Phase 4.3 Area Swap Optimization | Checksum: 14e2717b6

Time (s): cpu = 00:00:01 ; elapsed = 00:00:02 . Memory (MB): peak = 933.660 ; gain = 14.328

Phase 4.4 Small Shape Detail Placement

Phase 4.4.1 Commit Small Macros & Core Logic

Phase 4.4.1.1 Commit Slice Clusters
Phase 4.4.1.1 Commit Slice Clusters | Checksum: 1b63deb2a

Time (s): cpu = 00:00:02 ; elapsed = 00:00:02 . Memory (MB): peak = 933.660 ; gain = 14.328
Phase 4.4.1 Commit Small Macros & Core Logic | Checksum: 1b63deb2a

Time (s): cpu = 00:00:02 ; elapsed = 00:00:02 . Memory (MB): peak = 933.660 ; gain = 14.328

Phase 4.4.2 Clock Restriction Legalization for Leaf Columns
Phase 4.4.2 Clock Restriction Legalization for Leaf Columns | Checksum: 1b63deb2a

Time (s): cpu = 00:00:02 ; elapsed = 00:00:02 . Memory (MB): peak = 933.660 ; gain = 14.328

Phase 4.4.3 Clock Restriction Legalization for Non-Clock Pins
Phase 4.4.3 Clock Restriction Legalization for Non-Clock Pins | Checksum: 1b63deb2a

Time (s): cpu = 00:00:02 ; elapsed = 00:00:02 . Memory (MB): peak = 933.660 ; gain = 14.328
Phase 4.4 Small Shape Detail Placement | Checksum: 1b63deb2a

Time (s): cpu = 00:00:02 ; elapsed = 00:00:02 . Memory (MB): peak = 933.660 ; gain = 14.328

Phase 4.5 Re-assign LUT pins
Phase 4.5 Re-assign LUT pins | Checksum: 1b63deb2a

Time (s): cpu = 00:00:02 ; elapsed = 00:00:02 . Memory (MB): peak = 933.660 ; gain = 14.328
Phase 4 Detail Placement | Checksum: 1b63deb2a

Time (s): cpu = 00:00:02 ; elapsed = 00:00:02 . Memory (MB): peak = 933.660 ; gain = 14.328

Phase 5 Post Placement Optimization and Clean-Up

Phase 5.1 PCOPT Shape updates
Phase 5.1 PCOPT Shape updates | Checksum: 191a27147

Time (s): cpu = 00:00:02 ; elapsed = 00:00:02 . Memory (MB): peak = 933.660 ; gain = 14.328

Phase 5.2 Post Commit Optimization
Phase 5.2 Post Commit Optimization | Checksum: 191a27147

Time (s): cpu = 00:00:02 ; elapsed = 00:00:02 . Memory (MB): peak = 933.660 ; gain = 14.328

Phase 5.3 Sweep Clock Roots: Post-Placement
Phase 5.3 Sweep Clock Roots: Post-Placement | Checksum: 191a27147

Time (s): cpu = 00:00:02 ; elapsed = 00:00:02 . Memory (MB): peak = 933.660 ; gain = 14.328

Phase 5.4 Post Placement Cleanup
Phase 5.4 Post Placement Cleanup | Checksum: 191a27147

Time (s): cpu = 00:00:02 ; elapsed = 00:00:02 . Memory (MB): peak = 933.660 ; gain = 14.328

Phase 5.5 Placer Reporting
Phase 5.5 Placer Reporting | Checksum: 191a27147

Time (s): cpu = 00:00:02 ; elapsed = 00:00:02 . Memory (MB): peak = 933.660 ; gain = 14.328

Phase 5.6 Final Placement Cleanup
Phase 5.6 Final Placement Cleanup | Checksum: 239bfbdf3

Time (s): cpu = 00:00:02 ; elapsed = 00:00:02 . Memory (MB): peak = 933.660 ; gain = 14.328
Phase 5 Post Placement Optimization and Clean-Up | Checksum: 239bfbdf3

Time (s): cpu = 00:00:02 ; elapsed = 00:00:02 . Memory (MB): peak = 933.660 ; gain = 14.328
Ending Placer Task | Checksum: 1770c8e23

Time (s): cpu = 00:00:02 ; elapsed = 00:00:02 . Memory (MB): peak = 933.660 ; gain = 14.328
INFO: [Common 17-83] Releasing license: Implementation
35 Infos, 5 Warnings, 0 Critical Warnings and 0 Errors encountered.
place_design completed successfully
Writing placer database...
Writing XDEF routing.
Writing XDEF routing logical nets.
Writing XDEF routing special nets.
Write XDEF Complete: Time (s): cpu = 00:00:00 ; elapsed = 00:00:00.162 . Memory (MB): peak = 933.660 ; gain = 0.000
report_io: Time (s): cpu = 00:00:00 ; elapsed = 00:00:00.144 . Memory (MB): peak = 933.660 ; gain = 0.000
report_utilization: Time (s): cpu = 00:00:00 ; elapsed = 00:00:00.095 . Memory (MB): peak = 933.660 ; gain = 0.000
report_control_sets: Time (s): cpu = 00:00:00 ; elapsed = 00:00:00.009 . Memory (MB): peak = 933.660 ; gain = 0.000
Command: route_design
Attempting to get a license for feature 'Implementation' and/or device 'xc7z010'
INFO: [Common 17-349] Got license for feature 'Implementation' and/or device 'xc7z010'
Running DRC as a precondition to command route_design
INFO: [DRC 23-27] Running DRC with 2 threads
INFO: [Vivado_Tcl 4-198] DRC finished with 0 Errors
INFO: [Vivado_Tcl 4-199] Please refer to the DRC report (report_drc) for more information.


Starting Routing Task
INFO: [Route 35-254] Multithreading enabled for route_design using a maximum of 2 CPUs

Phase 1 Build RT Design
Phase 1 Build RT Design | Checksum: 14522d133

Time (s): cpu = 00:00:49 ; elapsed = 00:00:46 . Memory (MB): peak = 961.434 ; gain = 27.773

Phase 2 Router Initialization
INFO: [Route 35-64] No timing constraints were detected. The router will operate in resource-optimization mode.

Phase 2.1 Pre Route Cleanup
Phase 2.1 Pre Route Cleanup | Checksum: 14522d133

Time (s): cpu = 00:00:49 ; elapsed = 00:00:46 . Memory (MB): peak = 966.406 ; gain = 32.746
 Number of Nodes with overlaps = 0
Phase 2 Router Initialization | Checksum: 1e1286827

Time (s): cpu = 00:00:49 ; elapsed = 00:00:47 . Memory (MB): peak = 971.559 ; gain = 37.898

Phase 3 Initial Routing
Phase 3 Initial Routing | Checksum: 15d693f80

Time (s): cpu = 00:00:49 ; elapsed = 00:00:47 . Memory (MB): peak = 971.559 ; gain = 37.898

Phase 4 Rip-up And Reroute

Phase 4.1 Global Iteration 0
 Number of Nodes with overlaps = 1
 Number of Nodes with overlaps = 0
Phase 4.1 Global Iteration 0 | Checksum: 65582ab3

Time (s): cpu = 00:00:49 ; elapsed = 00:00:47 . Memory (MB): peak = 971.559 ; gain = 37.898
Phase 4 Rip-up And Reroute | Checksum: 65582ab3

Time (s): cpu = 00:00:49 ; elapsed = 00:00:47 . Memory (MB): peak = 971.559 ; gain = 37.898

Phase 5 Delay and Skew Optimization
Phase 5 Delay and Skew Optimization | Checksum: 65582ab3

Time (s): cpu = 00:00:49 ; elapsed = 00:00:47 . Memory (MB): peak = 971.559 ; gain = 37.898

Phase 6 Post Hold Fix
Phase 6 Post Hold Fix | Checksum: 65582ab3

Time (s): cpu = 00:00:49 ; elapsed = 00:00:47 . Memory (MB): peak = 971.559 ; gain = 37.898

Phase 7 Route finalize

Router Utilization Summary
  Global Vertical Routing Utilization    = 0.0349099 %
  Global Horizontal Routing Utilization  = 0.00850184 %
  Routable Net Status*
  *Does not include unroutable nets such as driverless and loadless.
  Run report_route_status for detailed report.
  Number of Failed Nets               = 0
  Number of Unrouted Nets             = 0
  Number of Partially Routed Nets     = 0
  Number of Node Overlaps             = 0

Congestion Report
North Dir 1x1 Area, Max Cong = 16.2162%, No Congested Regions.
South Dir 1x1 Area, Max Cong = 21.6216%, No Congested Regions.
East Dir 1x1 Area, Max Cong = 5.88235%, No Congested Regions.
West Dir 1x1 Area, Max Cong = 7.35294%, No Congested Regions.
Phase 7 Route finalize | Checksum: 65582ab3

Time (s): cpu = 00:00:49 ; elapsed = 00:00:47 . Memory (MB): peak = 971.559 ; gain = 37.898

Phase 8 Verifying routed nets

 Verification completed successfully
Phase 8 Verifying routed nets | Checksum: 65582ab3

Time (s): cpu = 00:00:49 ; elapsed = 00:00:47 . Memory (MB): peak = 971.559 ; gain = 37.898

Phase 9 Depositing Routes
Phase 9 Depositing Routes | Checksum: 66ff880e

Time (s): cpu = 00:00:49 ; elapsed = 00:00:47 . Memory (MB): peak = 971.559 ; gain = 37.898
INFO: [Route 35-16] Router Completed Successfully

Time (s): cpu = 00:00:49 ; elapsed = 00:00:47 . Memory (MB): peak = 971.559 ; gain = 37.898

Routing Is Done.
INFO: [Common 17-83] Releasing license: Implementation
43 Infos, 5 Warnings, 0 Critical Warnings and 0 Errors encountered.
route_design completed successfully
route_design: Time (s): cpu = 00:00:51 ; elapsed = 00:00:48 . Memory (MB): peak = 971.559 ; gain = 37.898
Writing placer database...
Writing XDEF routing.
Writing XDEF routing logical nets.
Writing XDEF routing special nets.
Write XDEF Complete: Time (s): cpu = 00:00:01 ; elapsed = 00:00:00.166 . Memory (MB): peak = 971.559 ; gain = 0.000
INFO: [DRC 23-27] Running DRC with 2 threads
INFO: [Coretcl 2-168] The results of DRC are in file C:/Users/rapto/OneDrive/Documents/GitHub/CALab0/CompArchFA15/Lab/Lab2/Vivado_work/Lab_2/Lab_2.runs/impl_1/midpoint_drc_routed.rpt.
INFO: [Timing 38-91] UpdateTimingParams: Speed grade: -1, Delay Type: min_max.
INFO: [Timing 38-191] Multithreading enabled for timing update using a maximum of 2 CPUs
WARNING: [Timing 38-313] There are no user specified timing constraints. Timing constraints are needed for proper timing analysis.
WARNING: [Power 33-232] No user defined clocks were found in the design!
Resolution: Please specify clocks using create_clock/create_generated_clock for sequential elements. For pure combinatorial circuits, please specify a virtual clock, otherwise the vectorless estimation might be inaccurate
Running Vector-less Activity Propagation...

Finished Running Vector-less Activity Propagation
Attempting to get a license for feature 'Implementation' and/or device 'xc7z010'
INFO: [Common 17-349] Got license for feature 'Implementation' and/or device 'xc7z010'
Running DRC as a precondition to command write_bitstream
INFO: [DRC 23-27] Running DRC with 2 threads
WARNING: [DRC 23-20] Rule violation (BUFC-1) Input Buffer Connections - Input buffer btn[1]_IBUF_inst has no loads. An input buffer must drive an internal load.
WARNING: [DRC 23-20] Rule violation (BUFC-1) Input Buffer Connections - Input buffer btn[2]_IBUF_inst has no loads. An input buffer must drive an internal load.
WARNING: [DRC 23-20] Rule violation (BUFC-1) Input Buffer Connections - Input buffer btn[3]_IBUF_inst has no loads. An input buffer must drive an internal load.
WARNING: [DRC 23-20] Rule violation (BUFC-1) Input Buffer Connections - Input buffer sw[3]_IBUF_inst has no loads. An input buffer must drive an internal load.
WARNING: [DRC 23-20] Rule violation (RTSTAT-10) No routable loads - 4 net(s) have no routable loads. The problem bus(es) and/or net(s) are btn[1]_IBUF, btn[2]_IBUF, btn[3]_IBUF, sw[3]_IBUF.
WARNING: [DRC 23-20] Rule violation (ZPS7-1) PS7 block required - The PS7 cell must be used in this Zynq design in order to enable correct default configuration.
INFO: [Vivado 12-3199] DRC finished with 0 Errors, 6 Warnings
INFO: [Vivado 12-3200] Please refer to the DRC report (report_drc) for more information.
Loading data files...
Loading site data...
Loading route data...
Processing options...
Creating bitmap...
Creating bitstream...
Writing bitstream ./midpoint.bit...
INFO: [Vivado 12-1842] Bitgen Completed Successfully.
INFO: [Project 1-118] WebTalk data collection is enabled (User setting is ON. Install Setting is ON.).
INFO: [Common 17-186] 'C:/Users/rapto/OneDrive/Documents/GitHub/CALab0/CompArchFA15/Lab/Lab2/Vivado_work/Lab_2/Lab_2.runs/impl_1/usage_statistics_webtalk.xml' has been successfully sent to Xilinx on Sun Nov 01 21:22:17 2015. For additional details about this file, please refer to the WebTalk help file at C:/Xilinx/Vivado/2015.2/doc/webtalk_introduction.html.
INFO: [Common 17-83] Releasing license: Implementation
write_bitstream: Time (s): cpu = 00:00:50 ; elapsed = 00:01:08 . Memory (MB): peak = 1313.563 ; gain = 322.535
INFO: [Vivado_Tcl 4-395] Unable to parse hwdef file midpoint.hwdef
INFO: [Common 17-206] Exiting Vivado at Sun Nov 01 21:22:17 2015...
